android/app/build/outputs/mapping/release/configuration.txt
# The proguard configuration file for the following section is release/processReleaseResources/aapt_rules.txt
-keep class androidx.core.app.CoreComponentFactory { <init>(); }
-keep class androidx.core.content.FileProvider { <init>(); }
-keep class androidx.profileinstaller.ProfileInstallReceiver { <init>(); }
-keep class androidx.room.MultiInstanceInvalidationService { <init>(); }
-keep class androidx.startup.InitializationProvider { <init>(); }
-keep class androidx.work.impl.background.systemalarm.ConstraintProxy$BatteryChargingProxy { <init>(); }
-keep class androidx.work.impl.background.systemalarm.ConstraintProxy$BatteryNotLowProxy { <init>(); }
-keep class androidx.work.impl.background.systemalarm.ConstraintProxy$NetworkStateProxy { <init>(); }
-keep class androidx.work.impl.background.systemalarm.ConstraintProxy$StorageNotLowProxy { <init>(); }
-keep class androidx.work.impl.background.systemalarm.ConstraintProxyUpdateReceiver { <init>(); }
-keep class androidx.work.impl.background.systemalarm.RescheduleReceiver { <init>(); }
-keep class androidx.work.impl.background.systemalarm.SystemAlarmService { <init>(); }
-keep class androidx.work.impl.background.systemjob.SystemJobService { <init>(); }
-keep class androidx.work.impl.diagnostics.DiagnosticsReceiver { <init>(); }
-keep class androidx.work.impl.foreground.SystemForegroundService { <init>(); }
-keep class androidx.work.impl.utils.ForceStopRunnable$BroadcastReceiver { <init>(); }
-keep class com.capacitorjs.plugins.browser.BrowserControllerActivity { <init>(); }
-keep class com.google.android.datatransport.runtime.backends.TransportBackendDiscovery { <init>(); }
-keep class com.google.android.datatransport.runtime.scheduling.jobscheduling.AlarmManagerSchedulerBroadcastReceiver { <init>(); }
-keep class com.google.android.datatransport.runtime.scheduling.jobscheduling.JobInfoSchedulerService { <init>(); }
-keep class com.google.android.gms.common.api.GoogleApiActivity { <init>(); }
-keep class com.google.firebase.components.ComponentDiscoveryService { <init>(); }
-keep class com.google.firebase.iid.FirebaseInstanceIdReceiver { <init>(); }
-keep class com.google.firebase.messaging.FirebaseMessagingService { <init>(); }
-keep class com.google.firebase.provider.FirebaseInitProvider { <init>(); }
-keep class com.onesignal.NotificationOpenedActivityHMS { <init>(); }
-keep class com.onesignal.SyncJobService { <init>(); }
-keep class com.onesignal.core.activities.PermissionsActivity { <init>(); }
-keep class com.onesignal.core.services.SyncJobService { <init>(); }
-keep class com.onesignal.notifications.activities.NotificationOpenedActivity { <init>(); }
-keep class com.onesignal.notifications.activities.NotificationOpenedActivityAndroid22AndOlder { <init>(); }
-keep class com.onesignal.notifications.receivers.BootUpReceiver { <init>(); }
-keep class com.onesignal.notifications.receivers.FCMBroadcastReceiver { <init>(); }
-keep class com.onesignal.notifications.receivers.NotificationDismissReceiver { <init>(); }
-keep class com.onesignal.notifications.receivers.UpgradeReceiver { <init>(); }
-keep class com.onesignal.notifications.services.HmsMessageServiceOneSignal { <init>(); }
-keep class com.sona.app.MainActivity { <init>(); }
-keep class com.sona.app.MediaListenerService { <init>(); }
-keep class android.widget.Space { <init>(android.content.Context, android.util.AttributeSet); }

-keep class androidx.appcompat.app.AlertController$RecycleListView { <init>(android.content.Context, android.util.AttributeSet); }

-keep class androidx.appcompat.view.menu.ActionMenuItemView { <init>(android.content.Context, android.util.AttributeSet); }

-keep class androidx.appcompat.view.menu.ExpandedMenuView { <init>(android.content.Context, android.util.AttributeSet); }

-keep class androidx.appcompat.view.menu.ListMenuItemView { <init>(android.content.Context, android.util.AttributeSet); }

-keep class androidx.appcompat.widget.ActionBarContainer { <init>(android.content.Context, android.util.AttributeSet); }

-keep class androidx.appcompat.widget.ActionBarContextView { <init>(android.content.Context, android.util.AttributeSet); }

-keep class androidx.appcompat.widget.ActionBarOverlayLayout { <init>(android.content.Context, android.util.AttributeSet); }

-keep class androidx.appcompat.widget.ActionMenuView { <init>(android.content.Context, android.util.AttributeSet); }

-keep class androidx.appcompat.widget.ActivityChooserView$InnerLayout { <init>(android.content.Context, android.util.AttributeSet); }

-keep class androidx.appcompat.widget.AlertDialogLayout { <init>(android.content.Context, android.util.AttributeSet); }

-keep class androidx.appcompat.widget.ButtonBarLayout { <init>(android.content.Context, android.util.AttributeSet); }

-keep class androidx.appcompat.widget.ContentFrameLayout { <init>(android.content.Context, android.util.AttributeSet); }

-keep class androidx.appcompat.widget.DialogTitle { <init>(android.content.Context, android.util.AttributeSet); }

-keep class androidx.appcompat.widget.FitWindowsFrameLayout { <init>(android.content.Context, android.util.AttributeSet); }

-keep class androidx.appcompat.widget.FitWindowsLinearLayout { <init>(android.content.Context, android.util.AttributeSet); }

-keep class androidx.appcompat.widget.SearchView$SearchAutoComplete { <init>(android.content.Context, android.util.AttributeSet); }

-keep class androidx.appcompat.widget.Toolbar { <init>(android.content.Context, android.util.AttributeSet); }

-keep class androidx.appcompat.widget.ViewStubCompat { <init>(android.content.Context, android.util.AttributeSet); }

-keep class androidx.browser.browseractions.BrowserActionsFallbackMenuView { <init>(android.content.Context, android.util.AttributeSet); }

-keep class androidx.coordinatorlayout.widget.CoordinatorLayout { <init>(android.content.Context, android.util.AttributeSet); }

-keep class androidx.core.widget.NestedScrollView { <init>(android.content.Context, android.util.AttributeSet); }

-keep class com.getcapacitor.CapacitorWebView { <init>(android.content.Context, android.util.AttributeSet); }


# End of content from release/processReleaseResources/aapt_rules.txt
# The proguard configuration file for the following section is default_proguard_files/global/proguard-android-optimize.txt-9.1.0
# This is a configuration file for ProGuard.
# http://proguard.sourceforge.net/index.html#manual/usage.html
#
# Starting with version 2.2 of the Android plugin for Gradle, this file is distributed together with
# the plugin and unpacked at build-time. The files in $ANDROID_HOME are no longer maintained and
# will be ignored by new version of the Android plugin for Gradle.

# Optimizations: If you don't want to optimize, use the proguard-android.txt configuration file
# instead of this one, which turns off the optimization flags.
-allowaccessmodification

# Preserve some attributes that may be required for reflection.
-keepattributes AnnotationDefault,
                EnclosingMethod,
                InnerClasses,
                RuntimeVisibleAnnotations,
                RuntimeVisibleParameterAnnotations,
                RuntimeVisibleTypeAnnotations,
                Signature

-keep public class com.google.vending.licensing.ILicensingService
-keep public class com.android.vending.licensing.ILicensingService
-keep public class com.google.android.vending.licensing.ILicensingService
-dontnote com.android.vending.licensing.ILicensingService
-dontnote com.google.vending.licensing.ILicensingService
-dontnote com.google.android.vending.licensing.ILicensingService

# For native methods, see https://www.guardsquare.com/manual/configuration/examples#native
-keepclasseswithmembernames,includedescriptorclasses class * {
    native <methods>;
}

# Keep setters in Views so that animations can still work.
-keepclassmembers public class * extends android.view.View {
    void set*(***);
    *** get*();
}

# We want to keep methods in Activity that could be used in the XML attribute onClick.
-keepclassmembers class * extends android.app.Activity {
    public void *(android.view.View);
}

# For enumeration classes, see https://www.guardsquare.com/manual/configuration/examples#enumerations
-keepclassmembers enum * {
    public static **[] values();
    public static ** valueOf(java.lang.String);
}

-keepclassmembers class * implements android.os.Parcelable {
    public static final ** CREATOR;
}

# Preserve annotated Javascript interface methods.
-keepclassmembers class * {
    @android.webkit.JavascriptInterface <methods>;
}

# The support libraries contains references to newer platform versions.
# Don't warn about those in case this app is linking against an older
# platform version. We know about them, and they are safe.
-dontnote android.support.**
-dontnote androidx.**
-dontwarn android.support.**
-dontwarn androidx.**

# Understand the @Keep support annotation.
-keep class android.support.annotation.Keep

-keep @android.support.annotation.Keep class * {*;}

-keepclasseswithmembers class * {
    @android.support.annotation.Keep <methods>;
}

-keepclasseswithmembers class * {
    @android.support.annotation.Keep <fields>;
}

-keepclasseswithmembers class * {
    @android.support.annotation.Keep <init>(...);
}

# These classes are duplicated between android.jar and org.apache.http.legacy.jar.
-dontnote org.apache.http.**
-dontnote android.net.http.**

# These classes are duplicated between android.jar and core-lambda-stubs.jar.
-dontnote java.lang.invoke.**

# End of content from default_proguard_files/global/proguard-android-optimize.txt-9.1.0
# The proguard configuration file for the following section is android/app/proguard-rules.pro
# Add project specific ProGuard rules here.
# You can control the set of applied configuration files using the
# proguardFiles setting in build.gradle.
#
# For more details, see
#   http://developer.android.com/guide/developing/tools/proguard.html

# If your project uses WebView with JS, uncomment the following
# and specify the fully qualified class name to the JavaScript interface
# class:
#-keepclassmembers class fqcn.of.javascript.interface.for.webview {
#   public *;
#}

# Uncomment this to preserve the line number information for
# debugging stack traces.
#-keepattributes SourceFile,LineNumberTable

# If you keep the line number information, uncomment this to
# hide the original source file name.
#-renamesourcefileattribute SourceFile

-dontwarn com.google.auto.value.**
-dontwarn io.opentelemetry.**
# End of content from android/app/proguard-rules.pro
# The proguard configuration file for the following section is exportReleaseConsumerProguardFiles/lib0/proguard.txt
# Add project specific ProGuard rules here.
# You can control the set of applied configuration files using the
# proguardFiles setting in build.gradle.
#
# For more details, see
#   http://developer.android.com/guide/developing/tools/proguard.html

# Rules for Capacitor v3 plugins and annotations
 -keep @com.getcapacitor.annotation.CapacitorPlugin public class * {
     @com.getcapacitor.annotation.PermissionCallback <methods>;
     @com.getcapacitor.annotation.ActivityCallback <methods>;
     @com.getcapacitor.annotation.Permission <methods>;
     @com.getcapacitor.PluginMethod public <methods>;
 }

 -keep public class * extends com.getcapacitor.Plugin { *; }

# Rules for Capacitor v2 plugins and annotations
# These are deprecated but can still be used with Capacitor for now
-keep @com.getcapacitor.NativePlugin public class * {
  @com.getcapacitor.PluginMethod public <methods>;
}

# Rules for Cordova plugins
-keep public class * extends org.apache.cordova.* {
  public <methods>;
  public <fields>;
}
# End of content from exportReleaseConsumerProguardFiles/lib0/proguard.txt
# The proguard configuration file for the following section is transformed/core-splashscreen-1.2.0/proguard.txt
# Intentionally empty proguard rules to indicate this library is safe to shrink

# End of content from transformed/core-splashscreen-1.2.0/proguard.txt
# The proguard configuration file for the following section is transformed/in-app-messages-5.7.6/proguard.txt
-dontwarn com.onesignal.iam.**

-keepclassmembers class com.onesignal.inAppMessages.** { *; }
# End of content from transformed/in-app-messages-5.7.6/proguard.txt
# The proguard configuration file for the following section is transformed/notifications-5.7.6/proguard.txt
-dontwarn com.onesignal.notification.**

# These 2 methods are called with reflection.
-keep class com.google.android.gms.common.api.GoogleApiClient {
    void connect();
    void disconnect();
}

# Need to keep as these 2 methods are called with reflection from com.onesignal.PushRegistratorFCM
-keep class com.google.firebase.iid.FirebaseInstanceId {
    static com.google.firebase.iid.FirebaseInstanceId getInstance(com.google.firebase.FirebaseApp);
    java.lang.String getToken(java.lang.String, java.lang.String);
}

-keep class ** implements com.onesignal.notifications.IPermissionObserver{
    void onNotificationPermissionChange(java.lang.Boolean);
}

-keep class ** implements com.onesignal.user.subscriptions.IPushSubscriptionObserver {
    void onPushSubscriptionChange(com.onesignal.user.subscriptions.PushSubscriptionChangedState);
}

-keep class ** implements com.onesignal.user.state.IUserStateObserver {
    void onUserStateChange(com.onesignal.user.state.UserChangedState);
}

-keep class ** implements com.onesignal.notifications.INotificationServiceExtension{
   void onNotificationReceived(com.onesignal.notifications.INotificationReceivedEvent);
}

-keep class com.onesignal.notifications.internal.badges.impl.shortcutbadger.impl.AdwHomeBadger { <init>(...); }
-keep class com.onesignal.notifications.internal.badges.impl.shortcutbadger.impl.ApexHomeBadger { <init>(...); }
-keep class com.onesignal.notifications.internal.badges.impl.shortcutbadger.impl.AsusHomeBadger { <init>(...); }
-keep class com.onesignal.notifications.internal.badges.impl.shortcutbadger.impl.DefaultBadger { <init>(...); }
-keep class com.onesignal.notifications.internal.badges.impl.shortcutbadger.impl.EverythingMeHomeBadger { <init>(...); }
-keep class com.onesignal.notifications.internal.badges.impl.shortcutbadger.impl.HuaweiHomeBadger { <init>(...); }
-keep class com.onesignal.notifications.internal.badges.impl.shortcutbadger.impl.LGHomeBadger { <init>(...); }
-keep class com.onesignal.notifications.internal.badges.impl.shortcutbadger.impl.NewHtcHomeBadger { <init>(...); }
-keep class com.onesignal.notifications.internal.badges.impl.shortcutbadger.impl.NovaHomeBadger { <init>(...); }
-keep class com.onesignal.notifications.internal.badges.impl.shortcutbadger.impl.OPPOHomeBader { <init>(...); }
-keep class com.onesignal.notifications.internal.badges.impl.shortcutbadger.impl.SamsungHomeBadger { <init>(...); }
-keep class com.onesignal.notifications.internal.badges.impl.shortcutbadger.impl.SonyHomeBadger { <init>(...); }
-keep class com.onesignal.notifications.internal.badges.impl.shortcutbadger.impl.VivoHomeBadger { <init>(...); }
-keep class com.onesignal.notifications.internal.badges.impl.shortcutbadger.impl.XiaomiHomeBadger { <init>(...); }
-keep class com.onesignal.notifications.internal.badges.impl.shortcutbadger.impl.ZukHomeBadger { <init>(...); }

-dontwarn com.huawei.**
-dontwarn com.amazon.**

# Proguard ends up removing this class even if it is used in AndroidManifest.xml so force keeping it.
-keep public class com.onesignal.notifications.services.ADMMessageHandler {*;}

-keep public class com.onesignal.notifications.services.ADMMessageHandlerJob {*;}

-keep class com.onesignal.JobIntentService$* {*;}

-keepclassmembers class com.onesignal.notifications.** { *; }

# Keep OneSignal WorkManager workers and constructors used for runtime instantiation.
-keep class com.onesignal.notifications.internal.** extends androidx.work.ListenableWorker {
    public <init>(android.content.Context, androidx.work.WorkerParameters);
}

# WorkManager instantiates InputMerger classes via reflection (InputMerger.fromClassName).
# R8 full mode (AGP 8+) strips no-arg constructors, causing:
# java.lang.NoSuchMethodException: androidx.work.OverwritingInputMerger.<init>()
# WM-WorkerWrapper E Could not create Input Merger androidx.work.OverwritingInputMerger
# Keep all InputMerger subclasses (OverwritingInputMerger, ArrayCreatingInputMerger, etc.)
-keep class * extends androidx.work.InputMerger {
    public <init>();
}

# End of content from transformed/notifications-5.7.6/proguard.txt
# The proguard configuration file for the following section is transformed/location-5.7.6/proguard.txt
-dontwarn com.onesignal.location.**

-keepclassmembers class com.onesignal.location.** { *; }
# End of content from transformed/location-5.7.6/proguard.txt
# The proguard configuration file for the following section is transformed/core-5.7.6/proguard.txt
-dontwarn com.onesignal.**

-dontwarn com.amazon.**

-keepclassmembers class com.onesignal.core.** { *; }

-keepclassmembers class com.onesignal.session.** { *; }

-keepclassmembers class com.onesignal.user.** { *; }

-keepclassmembers class com.onesignal.internal.** { *; }

-keepclassmembers class com.onesignal.debug.** { *; }

-keepclassmembers class com.onesignal.common.** { *; }

-keepclassmembers @com.onesignal.core.internal.minification.KeepStub class * { <init>(...); }

-keep class ** implements com.onesignal.common.modules.IModule { *; }

# End of content from transformed/core-5.7.6/proguard.txt
# The proguard configuration file for the following section is transformed/appcompat-1.7.1/proguard.txt
# Copyright (C) 2018 The Android Open Source Project
#
# Licensed under the Apache License, Version 2.0 (the "License");
# you may not use this file except in compliance with the License.
# You may obtain a copy of the License at
#
#      http://www.apache.org/licenses/LICENSE-2.0
#
# Unless required by applicable law or agreed to in writing, software
# distributed under the License is distributed on an "AS IS" BASIS,
# WITHOUT WARRANTIES OR CONDITIONS OF ANY KIND, either express or implied.
# See the License for the specific language governing permissions and
# limitations under the License.

# Never inline methods, but allow shrinking and obfuscation.
-keepclassmembernames,allowobfuscation,allowshrinking class androidx.appcompat.widget.AppCompatTextViewAutoSizeHelper$Impl* {
  <methods>;
}

# End of content from transformed/appcompat-1.7.1/proguard.txt
# The proguard configuration file for the following section is transformed/coordinatorlayout-1.3.0/proguard.txt
# Copyright (C) 2016 The Android Open Source Project
#
# Licensed under the Apache License, Version 2.0 (the "License");
# you may not use this file except in compliance with the License.
# You may obtain a copy of the License at
#
#      http://www.apache.org/licenses/LICENSE-2.0
#
# Unless required by applicable law or agreed to in writing, software
# distributed under the License is distributed on an "AS IS" BASIS,
# WITHOUT WARRANTIES OR CONDITIONS OF ANY KIND, either express or implied.
# See the License for the specific language governing permissions and
# limitations under the License.

# CoordinatorLayout resolves the behaviors of its child components with reflection.
-keep public class * extends androidx.coordinatorlayout.widget.CoordinatorLayout$Behavior {
    public <init>(android.content.Context, android.util.AttributeSet);
    public <init>();
}

# Make sure we keep annotations for CoordinatorLayout's DefaultBehavior and ViewPager's DecorView
-keepattributes AnnotationDefault,
                RuntimeVisibleAnnotations,
                RuntimeVisibleParameterAnnotations,
                RuntimeVisibleTypeAnnotations

# End of content from transformed/coordinatorlayout-1.3.0/proguard.txt
# The proguard configuration file for the following section is transformed/play-services-base-18.0.1/proguard.txt
# b/35135904 Ensure that proguard will not strip the mResultGuardian.