android/app/build/outputs/mapping/release/seeds.txt
com.sona.app.MediaSessionPlugin
com.sona.app.MediaListenerService
com.sona.app.MainActivity
com.sona.app.MediaSessionPlugin: void getAppIcon(com.getcapacitor.PluginCall)
com.sona.app.MediaSessionPlugin: MediaSessionPlugin()
com.sona.app.MediaSessionPlugin: void previous(com.getcapacitor.PluginCall)
com.sona.app.MediaSessionPlugin: void hasPermission(com.getcapacitor.PluginCall)
com.sona.app.MediaSessionPlugin: void openApp(com.getcapacitor.PluginCall)
com.sona.app.MediaSessionPlugin: void getAppName(com.getcapacitor.PluginCall)
com.sona.app.MediaSessionPlugin: void pause(com.getcapacitor.PluginCall)
com.sona.app.MediaSessionPlugin: void getNowPlaying(com.getcapacitor.PluginCall)
com.sona.app.MediaSessionPlugin: void requestPermission(com.getcapacitor.PluginCall)
com.sona.app.MediaListenerService: MediaListenerService()
com.sona.app.MainActivity: MainActivity()
com.sona.app.MediaSessionPlugin: android.media.session.MediaController getActiveController()
com.sona.app.MediaSessionPlugin: void next(com.getcapacitor.PluginCall)
com.sona.app.MediaSessionPlugin: void play(com.getcapacitor.PluginCall)
...
com.onesignal.inAppMessages.internal.InAppMessageClickEvent: com.onesignal.inAppMessages.internal.InAppMessage _message
com.getcapacitor.Plugin: java.lang.String lastPluginCallId
com.getcapacitor.Plugin: com.getcapacitor.Bridge bridge
com.onesignal.notifications.internal.data.impl.NotificationRepository$listNotificationsForOutstanding$2: java.util.List $listOfNotifications
com.onesignal.location.internal.controller.impl.HmsLocationController: com.onesignal.core.internal.application.IApplicationService _applicationService
com.onesignal.core.internal.backend.FCMParamsObject: java.lang.String projectId
com.onesignal.inAppMessages.internal.display.impl.InAppMessageView$delayShowUntilAvailable$1: int label
com.onesignal.debug.internal.logging.Logging: kotlinx.coroutines.CoroutineScope otelLoggingScope
com.onesignal.user.internal.operations.impl.executors.UpdateUserOperationExecutor: com.onesignal.user.internal.identity.IdentityModelStore _identityModelStore
com.onesignal.user.internal.backend.SubscriptionObjectType: com.onesignal.user.internal.backend.SubscriptionObjectType HUAWEI_PUSH
com.onesignal.debug.internal.logging.Logging: com.onesignal.debug.LogLevel logLevel
com.onesignal.inAppMessages.internal.display.impl.InAppMessageView$delayShowUntilAvailable$1: java.lang.Object L$0
com.onesignal.core.internal.operations.impl.OperationRepo$waitForNewOperationAndExecutionInterval$1: int label
com.onesignal.debug.internal.crash.OneSignalCrashUploaderWrapper$start$1: com.onesignal.debug.internal.crash.OneSignalCrashUploaderWrapper this$0
com.onesignal.inAppMessages.internal.InAppMessage: com.onesignal.inAppMessages.internal.InAppMessage$Companion Companion
com.onesignal.debug.internal.crash.OneSignalCrashUploaderWrapper: kotlin.Lazy uploader$delegate
com.onesignal.inAppMessages.internal.backend.impl.InAppBackendService$sendIAMClick$1: boolean Z$0
kotlinx.coroutines.channels.BufferedChannel: java.lang.Object receiveSegment$volatile
com.onesignal.common.consistency.impl.ConsistencyManager$getRywDataFromAwaitableCondition$1: java.lang.Object result
com.onesignal.notifications.internal.summary.impl.NotificationSummaryManager$internalUpdateSummaryNotificationAfterChildRemoved$1: java.lang.Object L$0
com.onesignal.notifications.internal.data.impl.NotificationRepository$getAndroidIdForGroup$1: java.lang.Object L$0
com.onesignal.user.internal.subscriptions.SubscriptionStatus: com.onesignal.user.internal.subscriptions.SubscriptionStatus FIREBASE_FCM_ERROR_IOEXCEPTION_OTHER
com.onesignal.location.internal.permissions.LocationPermissionController$showFallbackAlertDialog$1$onAccept$1: com.onesignal.location.internal.permissions.LocationPermissionController this$0
com.onesignal.inAppMessages.internal.InAppMessageClickResult: java.util.List outcomes
com.onesignal.notifications.internal.display.impl.NotificationDisplayBuilder: com.onesignal.notifications.internal.channels.INotificationChannelManager _notificationChannelManager
com.onesignal.inAppMessages.internal.InAppMessagesManager$fireRESTCallForPageChange$1: java.lang.Object result
com.onesignal.notifications.internal.limiting.impl.NotificationLimitManager$clearOldestOverLimit$1: int I$0
com.onesignal.debug.internal.logging.Logging$logToOtel$1: java.lang.Throwable $throwable
com.onesignal.core.internal.http.impl.HttpClient$makeRequest$2: int $timeout
com.google.android.gms.common.internal.TelemetryData: android.os.Parcelable$Creator CREATOR
com.onesignal.inAppMessages.internal.InAppMessageLifecycleEvent: com.onesignal.inAppMessages.IInAppMessage message
com.onesignal.user.internal.operations.impl.executors.LoginUserOperationExecutor$createUser$1: int label
com.onesignal.inAppMessages.internal.display.impl.WebViewManager$OSJavaScriptInterface: com.onesignal.inAppMessages.internal.display.impl.WebViewManager this$0
com.onesignal.user.internal.backend.SubscriptionObjectType: com.onesignal.user.internal.backend.SubscriptionObjectType SAFARI_PUSH_LEGACY