android/app/build/outputs/mapping/release/mapping.txt
# compiler: R8
# compiler_version: 9.1.31
# min_api: 24
# common_typos_disable
# {"id":"com.android.tools.r8.mapping","version":"2.2"}
# pg_map_id: 065c68a707ca4ba25a54384b5a679727ad09338d4991e5f366db25b30bb495d6
# pg_map_hash: SHA-256 065c68a707ca4ba25a54384b5a679727ad09338d4991e5f366db25b30bb495d6
com.sona.app.MainActivity -> com.sona.app.MainActivity:
# {"id":"sourceFile","fileName":"MainActivity.java"}
    com.getcapacitor.Bridge com.getcapacitor.BridgeActivity.bridge -> A
      # {"id":"com.android.tools.r8.residualsignature","signature":"Lmd;"}
    int com.getcapacitor.BridgeActivity.activityDepth -> B
    java.util.List com.getcapacitor.BridgeActivity.initialPlugins -> C
      # {"id":"com.android.tools.r8.residualsignature","signature":"Ljava/util/ArrayList;"}
    com.getcapacitor.Bridge$Builder com.getcapacitor.BridgeActivity.bridgeBuilder -> D
      # {"id":"com.android.tools.r8.residualsignature","signature":"Lld;"}
    1:3:void androidx.appcompat.app.AppCompatActivity.<init>():92:92 -> <init>
    1:3:void com.getcapacitor.BridgeActivity.<init>():11 -> <init>
    1:3:void <init>():13 -> <init>
    4:5:androidx.savedstate.SavedStateRegistry androidx.activity.ComponentActivity.getSavedStateRegistry():646:646 -> <init>
    4:5:void androidx.appcompat.app.AppCompatActivity.initDelegate():114 -> <init>
    4:5:void androidx.appcompat.app.AppCompatActivity.<init>():93 -> <init>
    4:5:void com.getcapacitor.BridgeActivity.<init>():11 -> <init>
    4:5:void <init>():13 -> <init>
    6:9:androidx.savedstate.SavedStateRegistry androidx.savedstate.SavedStateRegistryController.getSavedStateRegistry():33:33 -> <init>
    6:9:androidx.savedstate.SavedStateRegistry androidx.activity.ComponentActivity.getSavedStateRegistry():646 -> <init>
com.sona.app.MediaListenerService -> com.sona.app.MediaListenerService:
# {"id":"sourceFile","fileName":"MediaListenerService.java"}
    1:4:void <init>():6:6 -> <init>
    1:1:void onNotificationPosted(android.service.notification.StatusBarNotification):0:0 -> onNotificationPosted
    1:1:void onNotificationRemoved(android.service.notification.StatusBarNotification):0:0 -> onNotificationRemoved
com.sona.app.MediaSessionPlugin -> com.sona.app.MediaSessionPlugin:
# {"id":"sourceFile","fileName":"MediaSessionPlugin.java"}
    1:4:void <init>():22:22 -> <init>
    1:4:android.media.session.MediaController getActiveController():26:26 -> getActiveController
    5:12:android.media.session.MediaController getActiveController():27:27 -> getActiveController
    13:19:android.media.session.MediaController getActiveController():28:28 -> getActiveController
    20:25:android.media.session.MediaController getActiveController():29:29 -> getActiveController
    26:32:android.media.session.MediaController getActiveController():31:31 -> getActiveController
    33:41:android.media.session.MediaController getActiveController():32:32 -> getActiveController
    1:5:void getAppIcon(com.getcapacitor.PluginCall):158:158 -> getAppIcon
      # {"id":"com.android.tools.r8.residualsignature","signature":"(Lnw0;)V"}
    6:11:java.lang.String com.getcapacitor.PluginCall.getString(java.lang.String):156:156 -> getAppIcon
    6:11:void getAppIcon(com.getcapacitor.PluginCall):158 -> getAppIcon
      # {"id":"com.android.tools.r8.rewriteFrame","conditions":["throws(Ljava/lang/NullPointerException;)"],"actions":["removeInnerFrames(1)"]}
    12:13:void getAppIcon(com.getcapacitor.PluginCall):160:160 -> getAppIcon
    14:16:void com.getcapacitor.JSObject.<init>():18:18 -> getAppIcon
    14:16:void getAppIcon(com.getcapacitor.PluginCall):160 -> getAppIcon
...
com.onesignal.user.internal.subscriptions.ISubscriptionManager -> ia0:
# {"id":"sourceFile","fileName":"ISubscriptionManager.kt"}
    void addEmailSubscription(java.lang.String) -> addEmailSubscription
    void addOrUpdatePushSubscriptionToken(java.lang.String,com.onesignal.user.internal.subscriptions.SubscriptionStatus) -> addOrUpdatePushSubscriptionToken
      # {"id":"com.android.tools.r8.residualsignature","signature":"(Ljava/lang/String;Lra1;)V"}
    void addSmsSubscription(java.lang.String) -> addSmsSubscription
    boolean ISubscriptionManager.getHasSubscribers() -> getHasSubscribers
      # {"id":"com.android.tools.r8.synthesized"}
    com.onesignal.user.internal.subscriptions.SubscriptionModel getPushSubscriptionModel() -> getPushSubscriptionModel
      # {"id":"com.android.tools.r8.residualsignature","signature":"()Lja1;"}
    com.onesignal.user.internal.subscriptions.SubscriptionList getSubscriptions() -> getSubscriptions
      # {"id":"com.android.tools.r8.residualsignature","signature":"()Lfa1;"}
    void removeEmailSubscription(java.lang.String) -> removeEmailSubscription
    void removeSmsSubscription(java.lang.String) -> removeSmsSubscription
    void setSubscriptions(com.onesignal.user.internal.subscriptions.SubscriptionList) -> setSubscriptions
      # {"id":"com.android.tools.r8.residualsignature","signature":"(Lfa1;)V"}
    void ISubscriptionManager.subscribe(java.lang.Object) -> subscribe
      # {"id":"com.android.tools.r8.synthesized"}
com.onesignal.user.internal.subscriptions.SubscriptionList -> fa1:
# {"id":"sourceFile","fileName":"SubscriptionList.kt"}
    com.onesignal.user.subscriptions.IPushSubscription _fallbackPushSub -> _fallbackPushSub
      # {"id":"com.android.tools.r8.residualsignature","signature":"Lo90;"}
    7:14:void <init>(java.util.List,com.onesignal.user.subscriptions.IPushSubscription):12:12 -> <init>
      # {"id":"com.android.tools.r8.residualsignature","signature":"(Ljava/util/List;Lo90;)V"}
    4:7:com.onesignal.user.subscriptions.IEmailSubscription getByEmail(java.lang.String):35:35 -> getByEmail
      # {"id":"com.android.tools.r8.residualsignature","signature":"(Ljava/lang/String;)Lv50;"}
    8:24:com.onesignal.user.subscriptions.IEmailSubscription getByEmail(java.lang.String):79:79 -> getByEmail
    25:36:com.onesignal.user.subscriptions.IEmailSubscription getByEmail(java.lang.String):35:35 -> getByEmail
    37:39:com.onesignal.user.subscriptions.IEmailSubscription getByEmail(java.lang.String):80:80 -> getByEmail
    4:7:com.onesignal.user.subscriptions.ISmsSubscription getBySMS(java.lang.String):42:42 -> getBySMS
      # {"id":"com.android.tools.r8.residualsignature","signature":"(Ljava/lang/String;)Lda0;"}
    8:24:com.onesignal.user.subscriptions.ISmsSubscription getBySMS(java.lang.String):81:81 -> getBySMS
    25:36:com.onesignal.user.subscriptions.ISmsSubscription getBySMS(java.lang.String):42:42 -> getBySMS