android/app/build/outputs/mapping/release/usage.txt
com.sona.app.R$color
com.sona.app.R$drawable
com.sona.app.R$layout
com.sona.app.R$mipmap
com.sona.app.R$string
com.sona.app.R$style
com.sona.app.R$xml
com.sona.app.R
com.sona.app.MainActivity:
    public com.getcapacitor.CapConfig config
    public boolean keepRunning
    public static void load()
    public static void registerPlugin()
...
com.google.android.gms.common.internal.Preconditions:
    public static void checkArgument(boolean)
    public static void checkHandlerThread(com.google.android.gms.internal.base.zaq,java.lang.String)
    public static void checkNotMainThread()
    public static void checkState(boolean)
com.google.android.gms.common.internal.RootTelemetryConfigManager:
    public static final com.google.android.gms.common.internal.RootTelemetryConfiguration zzb
    public com.google.android.gms.common.internal.RootTelemetryConfiguration zzc
    static void <clinit>()
    public static com.google.android.gms.common.internal.RootTelemetryConfiguration getConfig()
    public final synchronized void zza()
com.google.android.gms.common.internal.RootTelemetryConfiguration:
    public static int getBatchPeriodMillis()
    public static int getMaxMethodInvocationsInBatch()
    public final boolean getMethodInvocationTelemetryEnabled()
    public final boolean getMethodTimingTelemetryEnabled()
    public static int getVersion()
com.google.android.gms.common.internal.TelemetryData:
    public static int zaa()
    public static java.util.List zab()
    public static void zac()
com.google.android.gms.common.internal.TelemetryLogging
com.google.android.gms.common.internal.TelemetryLoggingClient
com.google.android.gms.common.internal.TelemetryLoggingOptions$Builder
com.google.android.gms.common.internal.TelemetryLoggingOptions:
    public final java.lang.String zab
    public static android.os.Bundle zaa()
com.google.android.gms.common.internal.safeparcel.SafeParcelReader:
    public static int[] createIntArray(android.os.Parcel,int)
    public static java.util.ArrayList createTypedList(android.os.Parcel,int,android.os.Parcelable$Creator)
    public static android.os.IBinder readIBinder(android.os.Parcel,int)
    public static long readLong(android.os.Parcel,int)
com.google.android.gms.common.internal.safeparcel.SafeParcelWriter:
    public static void writeIBinder(android.os.Parcel,int,android.os.IBinder)
    public static void writeIntArray(android.os.Parcel,int,int[])
    public static void zzd(android.os.Parcel,android.os.Parcelable,int)
com.google.android.gms.common.internal.service.zai:
    public static void zae()
com.google.android.gms.common.internal.service.zam:
    public static void accept()
com.google.android.gms.common.internal.service.zao$$InternalSyntheticThrowCCEIfNotNull$63$5fce003f21ea1f9905c89f48de06f77a0347b17b107baac866a7f407cd708d14$0
com.google.android.gms.common.internal.service.zao$$InternalSyntheticThrowCCEIfNotNull$63$5fce003f21ea1f9905c89f48de06f77a0347b17b107baac866a7f407cd708d14$1
com.google.android.gms.common.internal.service.zao$$InternalSyntheticThrowCCEIfNotNull$63$5fce003f21ea1f9905c89f48de06f77a0347b17b107baac866a7f407cd708d14$2
com.google.android.gms.common.internal.service.zao$$InternalSyntheticThrowCCEIfNotNull$65$29a99f927103db6c8aaf70336adcc0a5d157ea5c3af0d4be3fa440e0c9819d25$0
com.google.android.gms.common.internal.service.zao:
    public static final synthetic int zab
    public static final com.google.android.gms.common.api.Api$ClientKey zac
    public static final com.google.android.gms.common.internal.service.zan zad
    public final android.os.Looper zag
    public final com.google.android.gms.common.api.GoogleApiClient zai
    public static com.google.android.gms.tasks.zzw doBestEffortWrite()
    public static void doWrite()
    public static com.google.android.gms.common.api.internal.ApiKey getApiKey()
    public static java.lang.String getContextAttributionTag()
    public static android.os.Looper getLooper()
    public static int zaa()
    public static com.google.android.gms.common.api.Api$Client zab()
    public static com.google.android.gms.common.api.internal.zact zac()
com.google.android.gms.common.internal.zaac
com.google.android.gms.common.internal.zaad
com.google.android.gms.common.internal.zab
com.google.android.gms.common.internal.zad:
    public final synthetic int zac